<?xml version="1.0" encoding="UTF-8"?>
<!-- Generated by org.testng.reporters.JUnitXMLReporter -->
<testsuite ignored="0" hostname="Shanthkumars-MacBook-Pro.local" failures="0" tests="1" name="TestLogin" time="0.033" errors="0" timestamp="2019-07-23T21:26:49 IST">
  <testcase classname="com.mentor.base.TestBase" name="@BeforeSuite setUp" time="0.009">
    <failure type="java.lang.NullPointerException">
      <![CDATA[java.lang.NullPointerException
at com.mentor.base.TestBase.setUp(TestBase.java:88)
... Removed 19 stack frames]]>
    </failure>
  </testcase> <!-- @BeforeSuite setUp -->
  <testcase classname="com.mentor.testcases.TestLogin" name="tesLogin" time="0.0">
    <skipped/>
  </testcase> <!-- tesLogin -->
</testsuite> <!-- TestLogin -->
