<?xml version="1.0" encoding="UTF-8"?>
<!-- Generated by org.testng.reporters.JUnitXMLReporter -->
<testsuite ignored="0" hostname="Shanthkumars-MacBook-Pro.local" failures="0" tests="1" name="Test" time="0.043" errors="0" timestamp="2019-07-23T08:16:23 IST">
  <testcase classname="com.mentor.base.TestBase" name="@BeforeSuite setUp" time="0.014">
    <failure type="java.lang.NullPointerException">
      <![CDATA[java.lang.NullPointerException
at com.mentor.base.TestBase.setUp(TestBase.java:87)
... Removed 19 stack frames]]>
    </failure>
  </testcase> <!-- @BeforeSuite setUp -->
  <testcase classname="com.mentor.base.TestBase" name="@BeforeMethod setUp" time="-1.563849982809E9">
    <skipped/>
  </testcase> <!-- @BeforeMethod setUp -->
  <testcase classname="com.mentor.base.TestBase" name="@AfterMethod tearDown" time="-1.563849982816E9">
    <skipped/>
  </testcase> <!-- @AfterMethod tearDown -->
  <testcase classname="com.mentor.testcases.TestLogin" name="tesLogin" time="0.0">
    <skipped/>
  </testcase> <!-- tesLogin -->
</testsuite> <!-- Test -->
