<?xml version="1.0" encoding="UTF-8"?>
<!-- Generated by org.testng.reporters.JUnitXMLReporter -->
<testsuite ignored="0" hostname="Shanthkumars-MacBook-Pro.local" failures="1" tests="1" name="Test" time="0.03" errors="0" timestamp="2019-07-23T21:39:59 IST">
  <testcase classname="com.mentor.testcases.TestLogin" name="testLogin" time="0.007">
    <failure type="java.lang.NullPointerException">
      <![CDATA[java.lang.NullPointerException
at com.mentor.testcases.TestLogin.testLogin(TestLogin.java:13)
at java.base/java.util.ArrayList.forEach(ArrayList.java:1540)
... Removed 27 stack frames]]>
    </failure>
  </testcase> <!-- testLogin -->
</testsuite> <!-- Test -->
